TN:
SF:src/aplicacion/nota.ts
FN:19,(anonymous_0)
FN:29,(anonymous_1)
FN:41,(anonymous_2)
FN:53,(anonymous_3)
FN:65,(anonymous_4)
FN:77,(anonymous_5)
FN:89,(anonymous_6)
FNF:7
FNH:7
FNDA:4,(anonymous_0)
FNDA:12,(anonymous_1)
FNDA:3,(anonymous_2)
FNDA:5,(anonymous_3)
FNDA:2,(anonymous_4)
FNDA:6,(anonymous_5)
FNDA:2,(anonymous_6)
DA:8,1
DA:19,4
DA:30,12
DA:42,3
DA:54,5
DA:66,2
DA:78,6
DA:90,2
LF:8
LH:8
BRF:0
BRH:0
end_of_record
TN:
SF:src/aplicacion/usuario.ts
FN:26,(anonymous_0)
FN:32,(anonymous_1)
FN:52,(anonymous_2)
FN:64,(anonymous_3)
FN:76,(anonymous_4)
FN:90,(anonymous_5)
FN:95,(anonymous_6)
FN:113,(anonymous_7)
FN:124,(anonymous_8)
FN:134,(anonymous_9)
FN:141,(anonymous_10)
FN:148,(anonymous_11)
FN:163,(anonymous_12)
FN:171,(anonymous_13)
FN:179,(anonymous_14)
FN:192,(anonymous_15)
FN:194,(anonymous_16)
FN:224,(anonymous_17)
FN:232,(anonymous_18)
FNF:19
FNH:15
FNDA:1,(anonymous_0)
FNDA:0,(anonymous_1)
FNDA:2,(anonymous_2)
FNDA:0,(anonymous_3)
FNDA:2,(anonymous_4)
FNDA:2,(anonymous_5)
FNDA:2,(anonymous_6)
FNDA:1,(anonymous_7)
FNDA:2,(anonymous_8)
FNDA:1,(anonymous_9)
FNDA:0,(anonymous_10)
FNDA:0,(anonymous_11)
FNDA:1,(anonymous_12)
FNDA:2,(anonymous_13)
FNDA:1,(anonymous_14)
FNDA:1,(anonymous_15)
FNDA:1,(anonymous_16)
FNDA:1,(anonymous_17)
FNDA:1,(anonymous_18)
DA:1,1
DA:2,1
DA:3,1
DA:12,1
DA:16,1
DA:26,1
DA:27,1
DA:29,1
DA:30,1
DA:32,1
DA:33,0
DA:34,0
DA:36,0
DA:37,0
DA:40,0
DA:53,2
DA:65,0
DA:77,2
DA:91,2
DA:93,2
DA:94,2
DA:95,2
DA:96,2
DA:99,0
DA:114,1
DA:116,1
DA:117,0
DA:119,1
DA:120,1
DA:122,1
DA:123,1
DA:124,1
DA:125,2
DA:126,1
DA:128,2
DA:131,1
DA:132,1
DA:133,1
DA:134,1
DA:135,1
DA:139,1
DA:140,0
DA:141,0
DA:142,0
DA:146,1
DA:147,0
DA:148,0
DA:149,0
DA:164,1
DA:166,1
DA:167,0
DA:169,1
DA:170,1
DA:171,1
DA:172,2
DA:173,1
DA:175,2
DA:177,1
DA:179,1
DA:180,1
DA:193,1
DA:194,1
DA:195,1
DA:197,1
DA:199,0
DA:200,0
DA:202,0
DA:203,0
DA:205,1
DA:206,1
DA:208,0
DA:209,0
DA:211,0
DA:225,1
DA:227,1
DA:228,0
DA:230,1
DA:231,1
DA:232,1
DA:233,1
DA:234,1
DA:236,1
DA:239,1
DA:241,1
DA:243,0
DA:244,0
DA:245,0
DA:247,0
DA:248,0
DA:249,0
DA:251,1
DA:252,1
DA:253,1
DA:255,0
DA:256,0
DA:257,0
DA:259,0
LF:97
LH:64
BRDA:29,0,0,1
BRDA:29,0,1,0
BRDA:93,1,0,2
BRDA:93,1,1,0
BRDA:116,2,0,0
BRDA:116,2,1,1
BRDA:125,3,0,1
BRDA:125,3,1,1
BRDA:131,4,0,1
BRDA:131,4,1,0
BRDA:139,5,0,0
BRDA:139,5,1,1
BRDA:146,6,0,0
BRDA:146,6,1,1
BRDA:166,7,0,0
BRDA:166,7,1,1
BRDA:172,8,0,1
BRDA:172,8,1,1
BRDA:198,9,0,0
BRDA:198,9,1,0
BRDA:198,9,2,1
BRDA:198,9,3,0
BRDA:198,9,4,0
BRDA:227,10,0,0
BRDA:227,10,1,1
BRDA:233,11,0,1
BRDA:233,11,1,0
BRDA:242,12,0,0
BRDA:242,12,1,0
BRDA:242,12,2,1
BRDA:242,12,3,0
BRDA:242,12,4,0
BRF:32
BRH:15
end_of_record
TN:
SF:src/ejercicio-clase/AddMapReduce.ts
FN:9,(anonymous_0)
FN:17,(anonymous_1)
FN:19,(anonymous_2)
FN:25,(anonymous_3)
FNF:4
FNH:4
FNDA:1,(anonymous_0)
FNDA:1,(anonymous_1)
FNDA:4,(anonymous_2)
FNDA:1,(anonymous_3)
DA:2,1
DA:8,1
DA:10,1
DA:18,1
DA:19,1
DA:20,4
DA:22,1
DA:26,1
LF:8
LH:8
BRF:0
BRH:0
end_of_record
TN:
SF:src/ejercicio-clase/DivMapReduce.ts
FN:9,(anonymous_0)
FN:17,(anonymous_1)
FN:19,(anonymous_2)
FN:25,(anonymous_3)
FNF:4
FNH:4
FNDA:1,(anonymous_0)
FNDA:1,(anonymous_1)
FNDA:4,(anonymous_2)
FNDA:1,(anonymous_3)
DA:2,1
DA:8,1
DA:10,1
DA:18,1
DA:19,1
DA:20,4
DA:22,1
DA:26,1
LF:8
LH:8
BRF:0
BRH:0
end_of_record
TN:
SF:src/ejercicio-clase/MapReduce.ts
FN:8,(anonymous_0)
FN:14,(anonymous_1)
FN:22,(anonymous_2)
FN:30,(anonymous_3)
FN:32,(anonymous_4)
FN:45,(anonymous_5)
FN:47,(anonymous_6)
FN:61,(anonymous_7)
FNF:8
FNH:7
FNDA:4,(anonymous_0)
FNDA:0,(anonymous_1)
FNDA:4,(anonymous_2)
FNDA:4,(anonymous_3)
FNDA:16,(anonymous_4)
FNDA:4,(anonymous_5)
FNDA:16,(anonymous_6)
FNDA:4,(anonymous_7)
DA:4,1
DA:8,4
DA:15,0
DA:23,4
DA:31,4
DA:32,4
DA:33,16
DA:36,4
DA:37,4
DA:46,4
DA:47,4
DA:48,16
DA:50,4
DA:62,4
LF:14
LH:13
BRF:0
BRH:0
end_of_record
TN:
SF:src/ejercicio-clase/ProdMapReduce.ts
FN:9,(anonymous_0)
FN:17,(anonymous_1)
FN:19,(anonymous_2)
FN:25,(anonymous_3)
FNF:4
FNH:4
FNDA:1,(anonymous_0)
FNDA:1,(anonymous_1)
FNDA:4,(anonymous_2)
FNDA:1,(anonymous_3)
DA:2,1
DA:8,1
DA:10,1
DA:18,1
DA:19,1
DA:20,4
DA:22,1
DA:26,1
LF:8
LH:8
BRF:0
BRH:0
end_of_record
TN:
SF:src/ejercicio-clase/SubMapReduce.ts
FN:9,(anonymous_0)
FN:17,(anonymous_1)
FN:19,(anonymous_2)
FN:25,(anonymous_3)
FNF:4
FNH:4
FNDA:1,(anonymous_0)
FNDA:1,(anonymous_1)
FNDA:4,(anonymous_2)
FNDA:1,(anonymous_3)
DA:2,1
DA:8,1
DA:10,1
DA:18,1
DA:19,1
DA:20,4
DA:22,1
DA:26,1
LF:8
LH:8
BRF:0
BRH:0
end_of_record
